β±οΈ μ •λ°€ ν…μ¤νΈ μ‹μ‘...

π― μ •λ°€ ν…μ¤νΈ - 90% μ΄μƒ ν†µκ³Ό λ©ν‘
==================================================


π’° λΉ„μ© κ΄€λ ¨ (Cost)
μλ„: μ„Έλ―Έλ‚ λΉ„μ©μ΄ μ •ν™•ν 50λ§μ›μ„μ„ ν™•μΈ
============================================================
  β… "AI μ„Έλ―Έλ‚ μ–Όλ§μ•Ό?"
  β… "μ„Έλ―Έλ‚ λΉ„μ©μ΄ μ–΄λ–»κ² λλ‚μ”?"
  β… "1νλ‹Ή μ–Όλ§μ£ ?"
  β… "κ°•μ—°λ£ μ–Όλ§ λ°›μ•„?"
  β… "μ–Όλ§?"
  β… "λΉ„μ©μ€?"
  β "κ°€κ²©μ΄ μ–΄λ–»κ² λΌ?"
     λ„λ½: "50λ§μ›"
  β "How much?"
     λ„λ½: "50λ§μ›"
  π“ 6/8 (75%)

π”Ά κ°μ κ΄€λ ¨ (Count)
μλ„: μ„Έλ―Έλ‚ 13ν, λ…Όλ¬Έ 25νΈ μ •ν™•ν κµ¬λ¶„
============================================================
  β… "μ„Έλ―Έλ‚ λ‡ λ² ν–μ–΄?"
  β… "λ…Όλ¬Έ λ‡ νΈ μΌμ–΄?"
  β… "μ΄μ²­κ°•μ—° νμλ”?"
  β… "κµ­μ μ €λ„ λ…Όλ¬Έ κ°μ?"
  β… "μ΄ λ‡ λ²μ μ„Έλ―Έλ‚?"
  β… "λ…Όλ¬Έ μ΄ λ‡ νΈ?"
  β "μ„Έλ―Έλ‚ 13ν λ§μ•„?"
     λ„λ½: "λ§"
  β "λ…Όλ¬Έ 25νΈ λ§μ£ ?"
     λ„λ½: "λ§"
  π“ 6/8 (75%)

π“§ μ—°λ½μ² (Contact)
μλ„: μ΄λ©”μΌ μ£Όμ† μ •ν™•ν μ κ³µ
============================================================
  β… "μ„Έλ―Έλ‚ μ‹ μ²­ν•κ³  μ‹¶μ€λ°"
  β "μ‹ μ²­μ€ μ–΄λ–»κ²?"
     λ„λ½: "chaos@sayberrygames.com"
  β "μ—°λ½μ² μ•λ ¤μ¤"
     λ„λ½: "chaos@sayberrygames.com"
  β… "μ΄λ©”μΌ μ£Όμ†?"
  β "μ—°λ½μ²?"
     λ„λ½: "chaos@sayberrygames.com"
  β "Contact?"
     λ„λ½: "chaos@sayberrygames.com"
  β… "μ–΄λ””λ΅ μ—°λ½?"
  π“ 3/7 (43%)

π“… λ‚ μ§ κ΄€λ ¨ (Date)
μλ„: λ…„λ„ μ—†μ΄ μ›”/μΌλ§ λ‹µλ³€
============================================================
  β… "κ³ λ ¤λ€ μ„Έλ―Έλ‚ μ–Έμ ?"
  β… "κ²½μƒκµ­λ¦½λ€λ” μ–Έμ ?"
  β… "κ³ λ ¤λ€ μ„Έλ―Έλ‚λ” μ–Έμ μ•Ό?"
  β… "κ²½μƒκµ­λ¦½λ€ μ„Έλ―Έλ‚ λ‚ μ§λ”?"
  β… "KAISTλ”?"
  π“ 5/5 (100%)

π”€ λ³µν•© μ§λ¬Έ (Multiple)
μλ„: μ—¬λ¬ μ§λ¬Έ λ¨λ‘ λ‹µλ³€
============================================================
  β "μ„Έλ―Έλ‚ μ–Όλ§κ³  λ‡ λ² ν–μ–΄?"
     λ„λ½: "50λ§μ›"
  β "λ…Όλ¬Έμ€ λ‡ νΈμ΄κ³  μ„Έλ―Έλ‚λ” λ‡ λ²?"
     λ„λ½: "25"
  β… "λΉ„μ©μ΄λ‘ μ—°λ½μ² μ•λ ¤μ¤"
  β "κ°€κ²©ν•κ³  μ‹κ°„μ€?"
     λ„λ½: "50λ§μ›"
     λ„λ½: "μ‹κ°„"
  β "μ„Έλ―Έλ‚ 13ν λ…Όλ¬Έ 25νΈ λ§μ§€?"
     λ„λ½: "25"
     λ„λ½: "λ§"
  π“ 1/5 (20%)

π’¬ μ§§μ€ λ¬Έλ§¥ μ§λ¬Έ (Context)
μλ„: μ΄μ „ λ€ν™” μ°Έκ³ ν•μ—¬ μ •ν™•ν λ‹µλ³€
============================================================
